<?xml version="1.0" encoding="UTF-8"?>
<testng-results skipped="0" failed="0" ignored="0" total="1" passed="1">
  <reporter-output>
  </reporter-output>
  <suite name="Testsauclabs" duration-ms="19550" started-at="2021-05-31T15:34:05Z" finished-at="2021-05-31T15:34:25Z">
    <groups>
    </groups>
    <test name="Command line test" duration-ms="19550" started-at="2021-05-31T15:34:05Z" finished-at="2021-05-31T15:34:25Z">
      <class name="Testsauclabs">
        <test-method status="PASS" signature="f()[pri:0, instance:Testsauclabs@26f67b76]" name="f" duration-ms="19526" started-at="2021-05-31T15:34:05Z" finished-at="2021-05-31T15:34:25Z">
          <reporter-output>
          </reporter-output>
        </test-method> <!-- f -->
      </class> <!-- Testsauclabs -->
    </test> <!-- Command line test -->
  </suite> <!-- Testsauclabs -->
</testng-results>
